

---------------------------------------------
# Log file name:  itlAnalyticalPlacer.log
# Command line:   "c:\Documents and Settings\beljakov.alexander.a\Desktop\slidingWindow\new_dll\bin\detailed_placement.exe" 
# Date:           Thu Dec 04 18:03:50 2008

---------------------------------------------

itlAnalyticalPlacer started to parse "abt01.aux"
Aux file not found
Program aborted because of error during parsing. Error code: 1


---------------------------------------------
# Log file name:  itlAnalyticalPlacer.log
# Command line:   "c:\Documents and Settings\beljakov.alexander.a\Desktop\slidingWindow\new_dll\bin\detailed_placement.exe"  
# Date:           Thu Dec 04 18:04:00 2008

---------------------------------------------

itlAnalyticalPlacer started to parse "abt01.aux"
Aux file not found
Program aborted because of error during parsing. Error code: 1


---------------------------------------------
# Log file name:  itlAnalyticalPlacer.log
# Command line:   "c:\Documents and Settings\beljakov.alexander.a\Desktop\alex\slidingWindow\new_dll\bin\detailed_placement.exe"  
# Date:           Sat Dec 06 18:23:22 2008

---------------------------------------------

itlAnalyticalPlacer started to parse "abt01.aux"
Aux file not found
Program aborted because of error during parsing. Error code: 1


---------------------------------------------
# Log file name:  itlAnalyticalPlacer.log
# Command line:   "d:\8410\VLSI\Absolute\joint\new_dll\bin\detailed_placement.exe" 
# Date:           Sun Feb 08 21:43:16 2009

---------------------------------------------

itlAnalyticalPlacer started to parse "ibm01.aux"
Aux file not found
Program aborted because of error during parsing. Error code: 1


---------------------------------------------
# Log file name:  itlAnalyticalPlacer.log
# Command line:   "d:\8410\VLSI\Absolute\joint\new_dll\bin\detailed_placement.exe" 
# Date:           Sun Feb 08 21:43:39 2009

---------------------------------------------

itlAnalyticalPlacer started to parse "ibm01.aux"
Aux file not found
Program aborted because of error during parsing. Error code: 1


---------------------------------------------
# Log file name:  itlAnalyticalPlacer.log
# Command line:   "d:\8410\VLSI\Absolute\joint\new_dll\bin\detailed_placement.exe" 
# Date:           Sun Feb 08 21:43:44 2009

---------------------------------------------

itlAnalyticalPlacer started to parse "ibm01.aux"
Aux file not found
Program aborted because of error during parsing. Error code: 1


---------------------------------------------
# Log file name:  itlAnalyticalPlacer.log
# Command line:   "d:\8410\VLSI\Absolute\joint\new_dll\bin\detailed_placement.exe" 
# Date:           Sun Feb 08 21:43:44 2009

---------------------------------------------

itlAnalyticalPlacer started to parse "ibm01.aux"
Aux file not found
Program aborted because of error during parsing. Error code: 1


---------------------------------------------
# Log file name:  itlAnalyticalPlacer.log
# Command line:   "d:\8410\VLSI\Absolute\joint\new_dll\bin\detailed_placement.exe" 
# Date:           Sun Feb 08 21:43:45 2009

---------------------------------------------

itlAnalyticalPlacer started to parse "ibm01.aux"
Aux file not found
Program aborted because of error during parsing. Error code: 1


---------------------------------------------
# Log file name:  itlAnalyticalPlacer.log
# Command line:   "d:\8410\VLSI\Sliding Window\SA\SA3\bin\detailed_placement.exe" 
# Date:           Tue Feb 24 00:31:19 2009

---------------------------------------------

itlAnalyticalPlacer started to parse "abt01.aux"
Aux file not found
Program aborted because of error during parsing. Error code: 1


---------------------------------------------
# Log file name:  itlAnalyticalPlacer.log
# Command line:   "d:\8410\VLSI\Sliding Window\SA\SA3\bin\detailed_placement.exe"  
# Date:           Tue Feb 24 00:31:28 2009

---------------------------------------------

itlAnalyticalPlacer started to parse "abt01.aux"
Aux file not found
Program aborted because of error during parsing. Error code: 1
