

---------------------------------------------
# Log file name:  itlDragon.log
# Command line:   P
# Date:           Sun Feb 17 01:35:26 2008

---------------------------------------------

itlDragon started to parse "test.aux"
parsing aux file...
parsing GSCLib_3.0.lef
GSCLib_3.0.lef parsed successfully
parsing design.def
components parsing started...
Unknown macro type detected: DCACHE_DATA_SRAM   SYHD130_512X32X1CM8
Unknown macro type detected: DCACHE_TAG_SRAM   SYHD130_128X22X1CM8
Unknown macro type detected: DRAM_DATA_SRAM   SYHD130_512X32X1CM8
Unknown macro type detected: ICACHE_INST0_SRAM   SYHD130_512X32X1CM8
Unknown macro type detected: ICACHE_TAG0_SRAM   SYHD130_128X22X1CM8
Unknown macro type detected: IRAM_DATA_SRAM   SYHD130_512X32X1CM8
Unknown macro type detected: IRAM_VALID_SRAM   SYHD130_8X32X1CM2
nets parsing started...
Bad node detected: IRAM_VALID_SRAM   CK
Bad node detected: IRAM_DATA_SRAM   CK
Bad node detected: ICACHE_TAG0_SRAM   CK
Bad node detected: ICACHE_INST0_SRAM   CK
Bad node detected: DRAM_DATA_SRAM   CK
Bad node detected: DCACHE_TAG_SRAM   CK
Bad node detected: DCACHE_DATA_SRAM   CK
Net LSel skipped.
Net LCmd[6] skipped.
Net LCmd[5] skipped.
Net LCmd[4] skipped.
Net LCmd[3] skipped.
Net LCmd[2] skipped.
Net LCmd[1] skipped.
Net LCmd[0] skipped.
Net LCoe[9] skipped.
Net LCoe[8] skipped.
Net LCoe[7] skipped.
Net LCoe[6] skipped.
Net LCoe[5] skipped.
Net LCoe[4] skipped.
Net LCoe[3] skipped.
Net LCoe[2] skipped.
Net LCoe[1] skipped.
Net LCoe[0] skipped.
Net LDoe[7] skipped.
Net LDoe[6] skipped.
Net LDoe[5] skipped.
Net LDoe[4] skipped.
Net LDoe[3] skipped.
Net LDoe[2] skipped.
Net LDoe[1] skipped.
Net LDoe[0] skipped.
Net LAbort skipped.
Net CFG_DWBASE[31] skipped.
Net CFG_DWBASE[30] skipped.
Net CFG_DWBASE[29] skipped.
Net CFG_DWBASE[28] skipped.
Net CFG_DWBASE[27] skipped.
Net CFG_DWBASE[26] skipped.
Net CFG_DWBASE[25] skipped.
Net CFG_DWBASE[24] skipped.
Net CFG_DWBASE[23] skipped.
Net CFG_DWBASE[22] skipped.
Net CFG_DWBASE[21] skipped.
Net CFG_DWBASE[20] skipped.
Net CFG_DWBASE[19] skipped.
Net CFG_DWBASE[18] skipped.
Net CFG_DWBASE[17] skipped.
Net CFG_DWBASE[16] skipped.
Net CFG_DWBASE[15] skipped.
Net CFG_DWBASE[14] skipped.
Net CFG_DWBASE[13] skipped.
Net CFG_DWBASE[12] skipped.
Net CFG_DWBASE[11] skipped.
Net CFG_DWBASE[10] skipped.
Net CFG_DWTOP[15] skipped.
Net CFG_DWTOP[14] skipped.
Net CFG_DWTOP[13] skipped.
Net CFG_DWTOP[12] skipped.
Net CFG_DWTOP[11] skipped.
Net CFG_DWTOP[10] skipped.
Net CFG_DWTOP[9] skipped.
Net CFG_DWTOP[8] skipped.
Net CFG_DWTOP[7] skipped.
Net CFG_DWTOP[6] skipped.
Net CFG_DWTOP[5] skipped.
Net CFG_DWTOP[4] skipped.
Net CFG_IWBASE[31] skipped.
Net CFG_IWBASE[30] skipped.
Net CFG_IWBASE[29] skipped.
Net CFG_IWBASE[28] skipped.
Net CFG_IWBASE[27] skipped.
Net CFG_IWBASE[26] skipped.
Net CFG_IWBASE[25] skipped.
Net CFG_IWBASE[24] skipped.
Net CFG_IWBASE[23] skipped.
Net CFG_IWBASE[22] skipped.
Net CFG_IWBASE[21] skipped.
Net CFG_IWBASE[20] skipped.
Net CFG_IWBASE[19] skipped.
Net CFG_IWBASE[18] skipped.
Net CFG_IWBASE[17] skipped.
Net CFG_IWBASE[16] skipped.
Net CFG_IWBASE[15] skipped.
Net CFG_IWBASE[14] skipped.
Net CFG_IWBASE[13] skipped.
Net CFG_IWBASE[12] skipped.
Net CFG_IWBASE[11] skipped.
Net CFG_IWBASE[10] skipped.
Net CFG_IWTOP[15] skipped.
Net CFG_IWTOP[14] skipped.
Net CFG_IWTOP[13] skipped.
Net CFG_IWTOP[12] skipped.
Net CFG_IWTOP[11] skipped.
Net CFG_IWTOP[10] skipped.
Net CFG_IWTOP[9] skipped.
Net CFG_IWTOP[8] skipped.
Net CFG_IWTOP[7] skipped.
Net CFG_IWTOP[6] skipped.
Net CFG_IWTOP[5] skipped.
Net CFG_IWTOP[4] skipped.
Net C1rd_addr[4] skipped.
Net C1rd_addr[3] skipped.
Net C1rd_addr[2] skipped.
Net C1rd_addr[1] skipped.
Net C1rd_addr[0] skipped.
Net C1rd_data[31] skipped.
Net C1rd_data[30] skipped.
Net C1rd_data[29] skipped.
Net C1rd_data[28] skipped.
Net C1rd_data[27] skipped.
Net C1rd_data[26] skipped.
Net C1rd_data[25] skipped.
Net C1rd_data[24] skipped.
Net C1rd_data[23] skipped.
Net C1rd_data[22] skipped.
Net C1rd_data[21] skipped.
Net C1rd_data[20] skipped.
Net C1rd_data[19] skipped.
Net C1rd_data[18] skipped.
Net C1rd_data[17] skipped.
Net C1rd_data[16] skipped.
Net C1rd_data[15] skipped.
Net C1rd_data[14] skipped.
Net C1rd_data[13] skipped.
Net C1rd_data[12] skipped.
Net C1rd_data[11] skipped.
Net C1rd_data[10] skipped.
Net C1rd_data[9] skipped.
Net C1rd_data[8] skipped.
Net C1rd_data[7] skipped.
Net C1rd_data[6] skipped.
Net C1rd_data[5] skipped.
Net C1rd_data[4] skipped.
Net C1rd_data[3] skipped.
Net C1rd_data[2] skipped.
Net C1rd_data[1] skipped.
Net C1rd_data[0] skipped.
Net C2rd_addr[4] skipped.
Net C2rd_addr[3] skipped.
Net C2rd_addr[2] skipped.
Net C2rd_addr[1] skipped.
Net C2rd_addr[0] skipped.
Net C2rhold skipped.
Net C2rd_data[31] skipped.
Net C2rd_data[30] skipped.
Net C2rd_data[29] skipped.
Net C2rd_data[28] skipped.
Net C2rd_data[27] skipped.
Net C2rd_data[26] skipped.
Net C2rd_data[25] skipped.
Net C2rd_data[24] skipped.
Net C2rd_data[23] skipped.
Net C2rd_data[22] skipped.
Net C2rd_data[21] skipped.
Net C2rd_data[20] skipped.
Net C2rd_data[19] skipped.
Net C2rd_data[18] skipped.
Net C2rd_data[17] skipped.
Net C2rd_data[16] skipped.
Net C2rd_data[15] skipped.
Net C2rd_data[14] skipped.
Net C2rd_data[13] skipped.
Net C2rd_data[12] skipped.
Net C2rd_data[11] skipped.
Net C2rd_data[10] skipped.
Net C2rd_data[9] skipped.
Net C2rd_data[8] skipped.
Net C2rd_data[7] skipped.
Net C2rd_data[6] skipped.
Net C2rd_data[5] skipped.
Net C2rd_data[4] skipped.
Net C2rd_data[3] skipped.
Net C2rd_data[2] skipped.
Net C2rd_data[1] skipped.
Net C2rd_data[0] skipped.
Net C3rd_addr[4] skipped.
Net C3rd_addr[3] skipped.
Net C3rd_addr[2] skipped.
Net C3rd_addr[1] skipped.
Net C3rd_addr[0] skipped.
Net C3rhold skipped.
Net C3rd_data[31] skipped.
Net C3rd_data[30] skipped.
Net C3rd_data[29] skipped.
Net C3rd_data[28] skipped.
Net C3rd_data[27] skipped.
Net C3rd_data[26] skipped.
Net C3rd_data[25] skipped.
Net C3rd_data[24] skipped.
Net C3rd_data[23] skipped.
Net C3rd_data[22] skipped.
Net C3rd_data[21] skipped.
Net C3rd_data[20] skipped.
Net C3rd_data[19] skipped.
Net C3rd_data[18] skipped.
Net C3rd_data[17] skipped.
Net C3rd_data[16] skipped.
Net C3rd_data[15] skipped.
Net C3rd_data[14] skipped.
Net C3rd_data[13] skipped.
Net C3rd_data[12] skipped.
Net C3rd_data[11] skipped.
Net C3rd_data[10] skipped.
Net C3rd_data[9] skipped.
Net C3rd_data[8] skipped.
Net C3rd_data[7] skipped.
Net C3rd_data[6] skipped.
Net C3rd_data[5] skipped.
Net C3rd_data[4] skipped.
Net C3rd_data[3] skipped.
Net C3rd_data[2] skipped.
Net C3rd_data[1] skipped.
Net C3rd_data[0] skipped.
Net CEI_CE1OP_S_R[11] skipped.
Net CEI_CE1OP_S_R[10] skipped.
Net CEI_CE1OP_S_R[9] skipped.
Net CEI_CE1OP_S_R[8] skipped.
Net CEI_CE1OP_S_R[7] skipped.
Net CEI_CE1OP_S_R[6] skipped.
Net CEI_CE1OP_S_R[5] skipped.
Net CEI_CE1OP_S_R[4] skipped.
Net CEI_CE1OP_S_R[3] skipped.
Net CEI_CE1OP_S_R[2] skipped.
Net CEI_CE1OP_S_R[1] skipped.
Net CEI_CE1OP_S_R[0] skipped.
Net CE1_RES_E[31] skipped.
Net CE1_RES_E[30] skipped.
Net CE1_RES_E[29] skipped.
Net CE1_RES_E[28] skipped.
Net CE1_RES_E[27] skipped.
Net CE1_RES_E[26] skipped.
Net CE1_RES_E[25] skipped.
Net CE1_RES_E[24] skipped.
Net CE1_RES_E[23] skipped.
Net CE1_RES_E[22] skipped.
Net CE1_RES_E[21] skipped.
Net CE1_RES_E[20] skipped.
Net CE1_RES_E[19] skipped.
Net CE1_RES_E[18] skipped.
Net CE1_RES_E[17] skipped.
Net CE1_RES_E[16] skipped.
Net CE1_RES_E[15] skipped.
Net CE1_RES_E[14] skipped.
Net CE1_RES_E[13] skipped.
Net CE1_RES_E[12] skipped.
Net CE1_RES_E[11] skipped.
Net CE1_RES_E[10] skipped.
Net CE1_RES_E[9] skipped.
Net CE1_RES_E[8] skipped.
Net CE1_RES_E[7] skipped.
Net CE1_RES_E[6] skipped.
Net CE1_RES_E[5] skipped.
Net CE1_RES_E[4] skipped.
Net CE1_RES_E[3] skipped.
Net CE1_RES_E[2] skipped.
Net CE1_RES_E[1] skipped.
Net CE1_RES_E[0] skipped.
Net CE1_HALT_E_R[2] skipped.
Bad node detected: DCACHE_DATA_SRAM   DO0
Bad node detected: DCACHE_DATA_SRAM   DO1
Bad node detected: DCACHE_DATA_SRAM   DO2
Bad node detected: DCACHE_DATA_SRAM   DO3
Bad node detected: DCACHE_DATA_SRAM   DO4
Bad node detected: DCACHE_DATA_SRAM   DO5
Bad node detected: DCACHE_DATA_SRAM   DO6
Bad node detected: DCACHE_DATA_SRAM   DO7
Bad node detected: DCACHE_DATA_SRAM   DO8
Bad node detected: DCACHE_DATA_SRAM   DO9
Bad node detected: DCACHE_DATA_SRAM   DO10
Bad node detected: DCACHE_DATA_SRAM   DO11
Bad node detected: DCACHE_DATA_SRAM   DO12
Bad node detected: DCACHE_DATA_SRAM   DO13
Bad node detected: DCACHE_DATA_SRAM   DO14
Bad node detected: DCACHE_DATA_SRAM   DO15
Bad node detected: DCACHE_DATA_SRAM   DO16
Bad node detected: DCACHE_DATA_SRAM   DO17
Bad node detected: DCACHE_DATA_SRAM   DO18
Bad node detected: DCACHE_DATA_SRAM   DO19
Bad node detected: DCACHE_DATA_SRAM   DO20
Bad node detected: DCACHE_DATA_SRAM   DO21
Bad node detected: DCACHE_DATA_SRAM   DO22
Bad node detected: DCACHE_DATA_SRAM   DO23
Bad node detected: DCACHE_DATA_SRAM   DO24
Bad node detected: DCACHE_DATA_SRAM   DO25
Bad node detected: DCACHE_DATA_SRAM   DO26
Bad node detected: DCACHE_DATA_SRAM   DO27
Bad node detected: DCACHE_DATA_SRAM   DO28
Bad node detected: DCACHE_DATA_SRAM   DO29
Bad node detected: DCACHE_DATA_SRAM   DO30
Bad node detected: DCACHE_DATA_SRAM   DO31
Bad node detected: DCACHE_TAG_SRAM   DO0
Net DCACHE_TAG_DATA_OUT_77A skipped.
Bad node detected: DCACHE_TAG_SRAM   DO1
Net DCACHE_TAG_DATA_OUT_78A skipped.
Bad node detected: DCACHE_TAG_SRAM   DO2
Net DCACHE_TAG_DATA_OUT_79A skipped.
Bad node detected: DCACHE_TAG_SRAM   DO3
Net DCACHE_TAG_DATA_OUT_80A skipped.
Bad node detected: DCACHE_TAG_SRAM   DO4
Net DCACHE_TAG_DATA_OUT_81A skipped.
Bad node detected: DCACHE_TAG_SRAM   DO5
Net DCACHE_TAG_DATA_OUT_82A skipped.
Bad node detected: DCACHE_TAG_SRAM   DO6
Net DCACHE_TAG_DATA_OUT_83A skipped.
Bad node detected: DCACHE_TAG_SRAM   DO7
Net DCACHE_TAG_DATA_OUT_84A skipped.
Bad node detected: DCACHE_TAG_SRAM   DO8
Net DCACHE_TAG_DATA_OUT_85A skipped.
Bad node detected: DCACHE_TAG_SRAM   DO9
Net DCACHE_TAG_DATA_OUT_86A skipped.
Bad node detected: DCACHE_TAG_SRAM   DO10
Net DCACHE_TAG_DATA_OUT_87A skipped.
Bad node detected: DCACHE_TAG_SRAM   DO11
Net DCACHE_TAG_DATA_OUT_88A skipped.
Bad node detected: DCACHE_TAG_SRAM   DO12
Net DCACHE_TAG_DATA_OUT_89A skipped.
Bad node detected: DCACHE_TAG_SRAM   DO13
Net DCACHE_TAG_DATA_OUT_90A skipped.
Bad node detected: DCACHE_TAG_SRAM   DO14
Net DCACHE_TAG_DATA_OUT_91A skipped.
Bad node detected: DCACHE_TAG_SRAM   DO15
Net DCACHE_TAG_DATA_OUT_92A skipped.
Bad node detected: DCACHE_TAG_SRAM   DO16
Net DCACHE_TAG_DATA_OUT_93A skipped.
Bad node detected: DCACHE_TAG_SRAM   DO17
Net DCACHE_TAG_DATA_OUT_94A skipped.
Bad node detected: DCACHE_TAG_SRAM   DO18
Net DCACHE_TAG_DATA_OUT_95A skipped.
Bad node detected: DCACHE_TAG_SRAM   DO19
Bad node detected: DCACHE_TAG_SRAM   DO20
Net DCACHE_TAG_DATA_OUT_97A skipped.
Bad node detected: DCACHE_TAG_SRAM   DO21
Bad node detected: DCACHE_DATA_SRAM   A0
Net DC_DATAINDEX skipped.
Bad node detected: DCACHE_DATA_SRAM   A1
Net DC_DATAINDEX_581 skipped.
Bad node detected: DCACHE_DATA_SRAM   A2
Net DC_DATAINDEX_582 skipped.
Bad node detected: DCACHE_DATA_SRAM   A3
Net DC_DATAINDEX_583 skipped.
Bad node detected: DCACHE_DATA_SRAM   A4
Net DC_DATAINDEX_584 skipped.
Bad node detected: DCACHE_DATA_SRAM   A5
Net DC_DATAINDEX_585 skipped.
Bad node detected: DCACHE_DATA_SRAM   A6
Net DC_DATAINDEX_586 skipped.
Bad node detected: DCACHE_DATA_SRAM   A7
Net DC_DATAINDEX_587 skipped.
Bad node detected: DCACHE_DATA_SRAM   A8
Net DC_DATAINDEX_588 skipped.
Bad node detected: DCACHE_DATA_SRAM   DI0
Bad node detected: DCACHE_DATA_SRAM   DI1
Bad node detected: DCACHE_DATA_SRAM   DI2
Bad node detected: DCACHE_DATA_SRAM   DI3
Bad node detected: DCACHE_DATA_SRAM   DI4
Bad node detected: DCACHE_DATA_SRAM   DI5
Bad node detected: DCACHE_DATA_SRAM   DI6
Bad node detected: DCACHE_DATA_SRAM   DI7
Bad node detected: DCACHE_DATA_SRAM   DI8
Bad node detected: DCACHE_DATA_SRAM   DI9
Bad node detected: DCACHE_DATA_SRAM   DI10
Bad node detected: DCACHE_DATA_SRAM   DI11
Bad node detected: DCACHE_DATA_SRAM   DI12
Bad node detected: DCACHE_DATA_SRAM   DI13
Bad node detected: DCACHE_DATA_SRAM   DI14
Bad node detected: DCACHE_DATA_SRAM   DI15
Bad node detected: DCACHE_DATA_SRAM   DI16
Bad node detected: DCACHE_DATA_SRAM   DI17
Bad node detected: DCACHE_DATA_SRAM   DI18
Bad node detected: DCACHE_DATA_SRAM   DI19
Bad node detected: DCACHE_DATA_SRAM   DI20
Bad node detected: DCACHE_DATA_SRAM   DI21
Bad node detected: DCACHE_DATA_SRAM   DI22
Bad node detected: DCACHE_DATA_SRAM   DI23
Bad node detected: DCACHE_DATA_SRAM   DI24
Bad node detected: DCACHE_DATA_SRAM   DI25
Bad node detected: DCACHE_DATA_SRAM   DI26
Bad node detected: DCACHE_DATA_SRAM   DI27
Bad node detected: DCACHE_DATA_SRAM   DI28
Bad node detected: DCACHE_DATA_SRAM   DI29
Bad node detected: DCACHE_DATA_SRAM   DI30
Bad node detected: DCACHE_DATA_SRAM   DI31
Bad node detected: DCACHE_TAG_SRAM   A0
Net DC_TAGINDEX skipped.
Bad node detected: DCACHE_TAG_SRAM   A1
Net DC_TAGINDEX_612 skipped.
Bad node detected: DCACHE_TAG_SRAM   A2
Net DC_TAGINDEX_613 skipped.
Bad node detected: DCACHE_TAG_SRAM   A3
Net DC_TAGINDEX_614 skipped.
Bad node detected: DCACHE_TAG_SRAM   A4
Net DC_TAGINDEX_615 skipped.
Bad node detected: DCACHE_TAG_SRAM   A5
Net DC_TAGINDEX_616 skipped.
Bad node detected: DCACHE_TAG_SRAM   A6
Net DC_TAGINDEX_617 skipped.
Bad node detected: DCACHE_TAG_SRAM   WEB
Net DC_TAGWEN skipped.
Bad node detected: DCACHE_TAG_SRAM   DI0
Net DC_TAGWR skipped.
Bad node detected: DCACHE_TAG_SRAM   DI1
Net DC_TAGWR_590 skipped.
Bad node detected: DCACHE_TAG_SRAM   DI2
Net DC_TAGWR_591 skipped.
Bad node detected: DCACHE_TAG_SRAM   DI3
Net DC_TAGWR_592 skipped.
Bad node detected: DCACHE_TAG_SRAM   DI4
Net DC_TAGWR_593 skipped.
Bad node detected: DCACHE_TAG_SRAM   DI5
Net DC_TAGWR_594 skipped.
Bad node detected: DCACHE_TAG_SRAM   DI6
Net DC_TAGWR_595 skipped.
Bad node detected: DCACHE_TAG_SRAM   DI7
Net DC_TAGWR_596 skipped.
Bad node detected: DCACHE_TAG_SRAM   DI8
Net DC_TAGWR_597 skipped.
Bad node detected: DCACHE_TAG_SRAM   DI9
Net DC_TAGWR_598 skipped.
Bad node detected: DCACHE_TAG_SRAM   DI10
Net DC_TAGWR_599 skipped.
Bad node detected: DCACHE_TAG_SRAM   DI11
Net DC_TAGWR_600 skipped.
Bad node detected: DCACHE_TAG_SRAM   DI12
Net DC_TAGWR_601 skipped.
Bad node detected: DCACHE_TAG_SRAM   DI13
Net DC_TAGWR_602 skipped.
Bad node detected: DCACHE_TAG_SRAM   DI14
Net DC_TAGWR_603 skipped.
Bad node detected: DCACHE_TAG_SRAM   DI15
Net DC_TAGWR_604 skipped.
Bad node detected: DCACHE_TAG_SRAM   DI16
Net DC_TAGWR_605 skipped.
Bad node detected: DCACHE_TAG_SRAM   DI17
Net DC_TAGWR_606 skipped.
Bad node detected: DCACHE_TAG_SRAM   DI18
Net DC_TAGWR_607 skipped.
Bad node detected: DCACHE_TAG_SRAM   DI19
Net DC_TAGWR_608 skipped.
Bad node detected: DCACHE_TAG_SRAM   DI20
Net DC_TAGWR_609 skipped.
Bad node detected: DCACHE_TAG_SRAM   DI21
Bad node detected: DRAM_DATA_SRAM   DO0
Bad node detected: DRAM_DATA_SRAM   DO1
Bad node detected: DRAM_DATA_SRAM   DO2
Bad node detected: DRAM_DATA_SRAM   DO3
Bad node detected: DRAM_DATA_SRAM   DO4
Bad node detected: DRAM_DATA_SRAM   DO5
Bad node detected: DRAM_DATA_SRAM   DO6
Bad node detected: DRAM_DATA_SRAM   DO7
Bad node detected: DRAM_DATA_SRAM   DO8
Bad node detected: DRAM_DATA_SRAM   DO9
Bad node detected: DRAM_DATA_SRAM   DO10
Bad node detected: DRAM_DATA_SRAM   DO11
Bad node detected: DRAM_DATA_SRAM   DO12
Bad node detected: DRAM_DATA_SRAM   DO13
Bad node detected: DRAM_DATA_SRAM   DO14
Bad node detected: DRAM_DATA_SRAM   DO15
Bad node detected: DRAM_DATA_SRAM   DO16
Bad node detected: DRAM_DATA_SRAM   DO17
Bad node detected: DRAM_DATA_SRAM   DO18
Bad node detected: DRAM_DATA_SRAM   DO19
Bad node detected: DRAM_DATA_SRAM   DO20
Bad node detected: DRAM_DATA_SRAM   DO21
Bad node detected: DRAM_DATA_SRAM   DO22
Bad node detected: DRAM_DATA_SRAM   DO23
Bad node detected: DRAM_DATA_SRAM   DO24
Bad node detected: DRAM_DATA_SRAM   DO25
Bad node detected: DRAM_DATA_SRAM   DO26
Bad node detected: DRAM_DATA_SRAM   DO27
Bad node detected: DRAM_DATA_SRAM   DO28
Bad node detected: DRAM_DATA_SRAM   DO29
Bad node detected: DRAM_DATA_SRAM   DO30
Bad node detected: DRAM_DATA_SRAM   DO31
Bad node detected: DRAM_DATA_SRAM   A0
Net DW_DATAINDEX\[2\] skipped.
Bad node detected: DRAM_DATA_SRAM   A1
Net DW_DATAINDEX[2]_651 skipped.
Bad node detected: DRAM_DATA_SRAM   A2
Net DW_DATAINDEX[2]_652 skipped.
Bad node detected: DRAM_DATA_SRAM   A3
Net DW_DATAINDEX[2]_653 skipped.
Bad node detected: DRAM_DATA_SRAM   A4
Net DW_DATAINDEX[2]_654 skipped.
Bad node detected: DRAM_DATA_SRAM   A5
Net DW_DATAINDEX[2]_655 skipped.
Bad node detected: DRAM_DATA_SRAM   A6
Net DW_DATAINDEX[2]_656 skipped.
Bad node detected: DRAM_DATA_SRAM   A7
Net DW_DATAINDEX[2]_657 skipped.
Bad node detected: DRAM_DATA_SRAM   A8
Net DW_DATAINDEX[2]_658 skipped.
Bad node detected: DRAM_DATA_SRAM   DI0
Net DW_DATAWR skipped.
Bad node detected: DRAM_DATA_SRAM   DI1
Net DW_DATAWR_619 skipped.
Bad node detected: DRAM_DATA_SRAM   DI2
Net DW_DATAWR_620 skipped.
Bad node detected: DRAM_DATA_SRAM   DI3
Net DW_DATAWR_621 skipped.
Bad node detected: DRAM_DATA_SRAM   DI4
Net DW_DATAWR_622 skipped.
Bad node detected: DRAM_DATA_SRAM   DI5
Net DW_DATAWR_623 skipped.
Bad node detected: DRAM_DATA_SRAM   DI6
Net DW_DATAWR_624 skipped.
Bad node detected: DRAM_DATA_SRAM   DI7
Net DW_DATAWR_625 skipped.
Bad node detected: DRAM_DATA_SRAM   DI8
Net DW_DATAWR_626 skipped.
Bad node detected: DRAM_DATA_SRAM   DI9
Net DW_DATAWR_627 skipped.
Bad node detected: DRAM_DATA_SRAM   DI10
Net DW_DATAWR_628 skipped.
Bad node detected: DRAM_DATA_SRAM   DI11
Net DW_DATAWR_629 skipped.
Bad node detected: DRAM_DATA_SRAM   DI12
Net DW_DATAWR_630 skipped.
Bad node detected: DRAM_DATA_SRAM   DI13
Net DW_DATAWR_631 skipped.
Bad node detected: DRAM_DATA_SRAM   DI14
Net DW_DATAWR_632 skipped.
Bad node detected: DRAM_DATA_SRAM   DI15
Net DW_DATAWR_633 skipped.
Bad node detected: DRAM_DATA_SRAM   DI16
Net DW_DATAWR_634 skipped.
Bad node detected: DRAM_DATA_SRAM   DI17
Net DW_DATAWR_635 skipped.
Bad node detected: DRAM_DATA_SRAM   DI18
Net DW_DATAWR_636 skipped.
Bad node detected: DRAM_DATA_SRAM   DI19
Net DW_DATAWR_637 skipped.
Bad node detected: DRAM_DATA_SRAM   DI20
Net DW_DATAWR_638 skipped.
Bad node detected: DRAM_DATA_SRAM   DI21
Net DW_DATAWR_639 skipped.
Bad node detected: DRAM_DATA_SRAM   DI22
Net DW_DATAWR_640 skipped.
Bad node detected: DRAM_DATA_SRAM   DI23
Net DW_DATAWR_641 skipped.
Bad node detected: DRAM_DATA_SRAM   DI24
Net DW_DATAWR_642 skipped.
Bad node detected: DRAM_DATA_SRAM   DI25
Net DW_DATAWR_643 skipped.
Bad node detected: DRAM_DATA_SRAM   DI26
Net DW_DATAWR_644 skipped.
Bad node detected: DRAM_DATA_SRAM   DI27
Net DW_DATAWR_645 skipped.
Bad node detected: DRAM_DATA_SRAM   DI28
Net DW_DATAWR_646 skipped.
Bad node detected: DRAM_DATA_SRAM   DI29
Net DW_DATAWR_647 skipped.
Bad node detected: DRAM_DATA_SRAM   DI30
Net DW_DATAWR_648 skipped.
Bad node detected: DRAM_DATA_SRAM   DI31
Net DW_DATAWR_649 skipped.
Bad node detected: ICACHE_INST0_SRAM   DO0
Net ICACHE_INST0_DATA_OUT_99A skipped.
Bad node detected: ICACHE_INST0_SRAM   DO1
Net ICACHE_INST0_DATA_OUT_100A skipped.
Bad node detected: ICACHE_INST0_SRAM   DO2
Net ICACHE_INST0_DATA_OUT_101A skipped.
Bad node detected: ICACHE_INST0_SRAM   DO3
Net ICACHE_INST0_DATA_OUT_102A skipped.
Bad node detected: ICACHE_INST0_SRAM   DO4
Net ICACHE_INST0_DATA_OUT_103A skipped.
Bad node detected: ICACHE_INST0_SRAM   DO5
Net ICACHE_INST0_DATA_OUT_104A skipped.
Bad node detected: ICACHE_INST0_SRAM   DO6
Net ICACHE_INST0_DATA_OUT_105A skipped.
Bad node detected: ICACHE_INST0_SRAM   DO7
Net ICACHE_INST0_DATA_OUT_106A skipped.
Bad node detected: ICACHE_INST0_SRAM   DO8
Net ICACHE_INST0_DATA_OUT_107A skipped.
Bad node detected: ICACHE_INST0_SRAM   DO9
Net ICACHE_INST0_DATA_OUT_108A skipped.
Bad node detected: ICACHE_INST0_SRAM   DO10
Net ICACHE_INST0_DATA_OUT_109A skipped.
Bad node detected: ICACHE_INST0_SRAM   DO11
Net ICACHE_INST0_DATA_OUT_110A skipped.
Bad node detected: ICACHE_INST0_SRAM   DO12
Net ICACHE_INST0_DATA_OUT_111A skipped.
Bad node detected: ICACHE_INST0_SRAM   DO13
Net ICACHE_INST0_DATA_OUT_112A skipped.
Bad node detected: ICACHE_INST0_SRAM   DO14
Net ICACHE_INST0_DATA_OUT_113A skipped.
Bad node detected: ICACHE_INST0_SRAM   DO15
Net ICACHE_INST0_DATA_OUT_114A skipped.
Bad node detected: ICACHE_INST0_SRAM   DO16
Net ICACHE_INST0_DATA_OUT_115A skipped.
Bad node detected: ICACHE_INST0_SRAM   DO17
Net ICACHE_INST0_DATA_OUT_116A skipped.
Bad node detected: ICACHE_INST0_SRAM   DO18
Net ICACHE_INST0_DATA_OUT_117A skipped.
Bad node detected: ICACHE_INST0_SRAM   DO19
Net ICACHE_INST0_DATA_OUT_118A skipped.
Bad node detected: ICACHE_INST0_SRAM   DO20
Net ICACHE_INST0_DATA_OUT_119A skipped.
Bad node detected: ICACHE_INST0_SRAM   DO21
Net ICACHE_INST0_DATA_OUT_120A skipped.
Bad node detected: ICACHE_INST0_SRAM   DO22
Net ICACHE_INST0_DATA_OUT_121A skipped.
Bad node detected: ICACHE_INST0_SRAM   DO23
Net ICACHE_INST0_DATA_OUT_122A skipped.
Bad node detected: ICACHE_INST0_SRAM   DO24
Net ICACHE_INST0_DATA_OUT_123A skipped.
Bad node detected: ICACHE_INST0_SRAM   DO25
Net ICACHE_INST0_DATA_OUT_124A skipped.
Bad node detected: ICACHE_INST0_SRAM   DO26
Net ICACHE_INST0_DATA_OUT_125A skipped.
Bad node detected: ICACHE_INST0_SRAM   DO27
Net ICACHE_INST0_DATA_OUT_126A skipped.
Bad node detected: ICACHE_INST0_SRAM   DO28
Net ICACHE_INST0_DATA_OUT_127A skipped.
Bad node detected: ICACHE_INST0_SRAM   DO29
Net ICACHE_INST0_DATA_OUT_128A skipped.
Bad node detected: ICACHE_INST0_SRAM   DO30
Net ICACHE_INST0_DATA_OUT_129A skipped.
Bad node detected: ICACHE_INST0_SRAM   DO31
Net ICACHE_INST0_DATA_OUT_130A skipped.
Bad node detected: ICACHE_TAG0_SRAM   DO0
Net ICACHE_TAG0_DATA_OUT_77A skipped.
Bad node detected: ICACHE_TAG0_SRAM   DO1
Net ICACHE_TAG0_DATA_OUT_78A skipped.
Bad node detected: ICACHE_TAG0_SRAM   DO2
Net ICACHE_TAG0_DATA_OUT_79A skipped.
Bad node detected: ICACHE_TAG0_SRAM   DO3
Net ICACHE_TAG0_DATA_OUT_80A skipped.
Bad node detected: ICACHE_TAG0_SRAM   DO4
Net ICACHE_TAG0_DATA_OUT_81A skipped.
Bad node detected: ICACHE_TAG0_SRAM   DO5
Net ICACHE_TAG0_DATA_OUT_82A skipped.
Bad node detected: ICACHE_TAG0_SRAM   DO6
Net ICACHE_TAG0_DATA_OUT_83A skipped.
Bad node detected: ICACHE_TAG0_SRAM   DO7
Net ICACHE_TAG0_DATA_OUT_84A skipped.
Bad node detected: ICACHE_TAG0_SRAM   DO8
Net ICACHE_TAG0_DATA_OUT_85A skipped.
Bad node detected: ICACHE_TAG0_SRAM   DO9
Net ICACHE_TAG0_DATA_OUT_86A skipped.
Bad node detected: ICACHE_TAG0_SRAM   DO10
Net ICACHE_TAG0_DATA_OUT_87A skipped.
Bad node detected: ICACHE_TAG0_SRAM   DO11
Net ICACHE_TAG0_DATA_OUT_88A skipped.
Bad node detected: ICACHE_TAG0_SRAM   DO12
Net ICACHE_TAG0_DATA_OUT_89A skipped.
Bad node detected: ICACHE_TAG0_SRAM   DO13
Net ICACHE_TAG0_DATA_OUT_90A skipped.
Bad node detected: ICACHE_TAG0_SRAM   DO14
Net ICACHE_TAG0_DATA_OUT_91A skipped.
Bad node detected: ICACHE_TAG0_SRAM   DO15
Net ICACHE_TAG0_DATA_OUT_92A skipped.
Bad node detected: ICACHE_TAG0_SRAM   DO16
Net ICACHE_TAG0_DATA_OUT_93A skipped.
Bad node detected: ICACHE_TAG0_SRAM   DO17
Net ICACHE_TAG0_DATA_OUT_94A skipped.
Bad node detected: ICACHE_TAG0_SRAM   DO18
Net ICACHE_TAG0_DATA_OUT_95A skipped.
Bad node detected: ICACHE_TAG0_SRAM   DO19
Net ICACHE_TAG0_DATA_OUT_96A skipped.
Bad node detected: ICACHE_TAG0_SRAM   DO20
Net ICACHE_TAG0_DATA_OUT_97A skipped.
Bad node detected: ICACHE_TAG0_SRAM   DO21
Net ICACHE_TAG0_DATA_OUT_98A skipped.
Bad node detected: ICACHE_INST0_SRAM   WEB
Bad node detected: ICACHE_INST0_SRAM   A0
Net IC_INSTINDEX skipped.
Bad node detected: ICACHE_INST0_SRAM   A1
Net IC_INSTINDEX_511 skipped.
Bad node detected: ICACHE_INST0_SRAM   A2
Net IC_INSTINDEX_512 skipped.
Bad node detected: ICACHE_INST0_SRAM   A3
Net IC_INSTINDEX_513 skipped.
Bad node detected: ICACHE_INST0_SRAM   A4
Net IC_INSTINDEX_514 skipped.
Bad node detected: ICACHE_INST0_SRAM   A5
Net IC_INSTINDEX_515 skipped.
Bad node detected: ICACHE_INST0_SRAM   A6
Net IC_INSTINDEX_516 skipped.
Bad node detected: ICACHE_INST0_SRAM   A7
Net IC_INSTINDEX_517 skipped.
Bad node detected: ICACHE_INST0_SRAM   A8
Net IC_INSTINDEX_518 skipped.
Bad node detected: ICACHE_INST0_SRAM   DI0
Bad node detected: ICACHE_INST0_SRAM   DI1
Bad node detected: ICACHE_INST0_SRAM   DI2
Bad node detected: ICACHE_INST0_SRAM   DI3
Bad node detected: ICACHE_INST0_SRAM   DI4
Bad node detected: ICACHE_INST0_SRAM   DI5
Bad node detected: ICACHE_INST0_SRAM   DI6
Bad node detected: ICACHE_INST0_SRAM   DI7
Bad node detected: ICACHE_INST0_SRAM   DI8
Bad node detected: ICACHE_INST0_SRAM   DI9
Bad node detected: ICACHE_INST0_SRAM   DI10
Bad node detected: ICACHE_INST0_SRAM   DI11
Bad node detected: ICACHE_INST0_SRAM   DI12
Bad node detected: ICACHE_INST0_SRAM   DI13
Bad node detected: ICACHE_INST0_SRAM   DI14
Bad node detected: ICACHE_INST0_SRAM   DI15
Bad node detected: ICACHE_INST0_SRAM   DI16
Bad node detected: ICACHE_INST0_SRAM   DI17
Bad node detected: ICACHE_INST0_SRAM   DI18
Bad node detected: ICACHE_INST0_SRAM   DI19
Bad node detected: ICACHE_INST0_SRAM   DI20
Bad node detected: ICACHE_INST0_SRAM   DI21
Bad node detected: ICACHE_INST0_SRAM   DI22
Bad node detected: ICACHE_INST0_SRAM   DI23
Bad node detected: ICACHE_INST0_SRAM   DI24
Bad node detected: ICACHE_INST0_SRAM   DI25
Bad node detected: ICACHE_INST0_SRAM   DI26
Bad node detected: ICACHE_INST0_SRAM   DI27
Bad node detected: ICACHE_INST0_SRAM   DI28
Bad node detected: ICACHE_INST0_SRAM   DI29
Bad node detected: ICACHE_INST0_SRAM   DI30
Bad node detected: ICACHE_INST0_SRAM   DI31
Bad node detected: ICACHE_TAG0_SRAM   WEB
Net IC_TAG0WEN skipped.
Bad node detected: ICACHE_TAG0_SRAM   A0
Net IC_TAGINDEX skipped.
Bad node detected: ICACHE_TAG0_SRAM   A1
Net IC_TAGINDEX_542 skipped.
Bad node detected: ICACHE_TAG0_SRAM   A2
Net IC_TAGINDEX_543 skipped.
Bad node detected: ICACHE_TAG0_SRAM   A3
Net IC_TAGINDEX_544 skipped.
Bad node detected: ICACHE_TAG0_SRAM   A4
Net IC_TAGINDEX_545 skipped.
Bad node detected: ICACHE_TAG0_SRAM   A5
Net IC_TAGINDEX_546 skipped.
Bad node detected: ICACHE_TAG0_SRAM   A6
Net IC_TAGINDEX_547 skipped.
Bad node detected: ICACHE_TAG0_SRAM   DI0
Net IC_TAGWR0 skipped.
Bad node detected: ICACHE_TAG0_SRAM   DI1
Net IC_TAGWR_520 skipped.
Bad node detected: ICACHE_TAG0_SRAM   DI2
Net IC_TAGWR_521 skipped.
Bad node detected: ICACHE_TAG0_SRAM   DI3
Net IC_TAGWR_522 skipped.
Bad node detected: ICACHE_TAG0_SRAM   DI4
Net IC_TAGWR_523 skipped.
Bad node detected: ICACHE_TAG0_SRAM   DI5
Net IC_TAGWR_524 skipped.
Bad node detected: ICACHE_TAG0_SRAM   DI6
Net IC_TAGWR_525 skipped.
Bad node detected: ICACHE_TAG0_SRAM   DI7
Net IC_TAGWR_526 skipped.
Bad node detected: ICACHE_TAG0_SRAM   DI8
Net IC_TAGWR_527 skipped.
Bad node detected: ICACHE_TAG0_SRAM   DI9
Net IC_TAGWR_528 skipped.
Bad node detected: ICACHE_TAG0_SRAM   DI10
Net IC_TAGWR_529 skipped.
Bad node detected: ICACHE_TAG0_SRAM   DI11
Net IC_TAGWR_530 skipped.
Bad node detected: ICACHE_TAG0_SRAM   DI12
Net IC_TAGWR_531 skipped.
Bad node detected: ICACHE_TAG0_SRAM   DI13
Net IC_TAGWR_532 skipped.
Bad node detected: ICACHE_TAG0_SRAM   DI14
Net IC_TAGWR_533 skipped.
Bad node detected: ICACHE_TAG0_SRAM   DI15
Net IC_TAGWR_534 skipped.
Bad node detected: ICACHE_TAG0_SRAM   DI16
Net IC_TAGWR_535 skipped.
Bad node detected: ICACHE_TAG0_SRAM   DI17
Net IC_TAGWR_536 skipped.
Bad node detected: ICACHE_TAG0_SRAM   DI18
Net IC_TAGWR_537 skipped.
Bad node detected: ICACHE_TAG0_SRAM   DI19
Net IC_TAGWR_538 skipped.
Bad node detected: ICACHE_TAG0_SRAM   DI20
Net IC_TAGWR_539 skipped.
Bad node detected: ICACHE_TAG0_SRAM   DI21
Bad node detected: IRAM_DATA_SRAM   DO0
Net IRAM_DATA_DATA_OUT_99A skipped.
Bad node detected: IRAM_DATA_SRAM   DO1
Net IRAM_DATA_DATA_OUT_100A skipped.
Bad node detected: IRAM_DATA_SRAM   DO2
Net IRAM_DATA_DATA_OUT_101A skipped.
Bad node detected: IRAM_DATA_SRAM   DO3
Net IRAM_DATA_DATA_OUT_102A skipped.
Bad node detected: IRAM_DATA_SRAM   DO4
Net IRAM_DATA_DATA_OUT_103A skipped.
Bad node detected: IRAM_DATA_SRAM   DO5
Net IRAM_DATA_DATA_OUT_104A skipped.
Bad node detected: IRAM_DATA_SRAM   DO6
Net IRAM_DATA_DATA_OUT_105A skipped.
Bad node detected: IRAM_DATA_SRAM   DO7
Net IRAM_DATA_DATA_OUT_106A skipped.
Bad node detected: IRAM_DATA_SRAM   DO8
Net IRAM_DATA_DATA_OUT_107A skipped.
Bad node detected: IRAM_DATA_SRAM   DO9
Net IRAM_DATA_DATA_OUT_108A skipped.
Bad node detected: IRAM_DATA_SRAM   DO10
Net IRAM_DATA_DATA_OUT_109A skipped.
Bad node detected: IRAM_DATA_SRAM   DO11
Net IRAM_DATA_DATA_OUT_110A skipped.
Bad node detected: IRAM_DATA_SRAM   DO12
Net IRAM_DATA_DATA_OUT_111A skipped.
Bad node detected: IRAM_DATA_SRAM   DO13
Net IRAM_DATA_DATA_OUT_112A skipped.
Bad node detected: IRAM_DATA_SRAM   DO14
Net IRAM_DATA_DATA_OUT_113A skipped.
Bad node detected: IRAM_DATA_SRAM   DO15
Net IRAM_DATA_DATA_OUT_114A skipped.
Bad node detected: IRAM_DATA_SRAM   DO16
Net IRAM_DATA_DATA_OUT_115A skipped.
Bad node detected: IRAM_DATA_SRAM   DO17
Net IRAM_DATA_DATA_OUT_116A skipped.
Bad node detected: IRAM_DATA_SRAM   DO18
Net IRAM_DATA_DATA_OUT_117A skipped.
Bad node detected: IRAM_DATA_SRAM   DO19
Net IRAM_DATA_DATA_OUT_118A skipped.
Bad node detected: IRAM_DATA_SRAM   DO20
Net IRAM_DATA_DATA_OUT_119A skipped.
Bad node detected: IRAM_DATA_SRAM   DO21
Net IRAM_DATA_DATA_OUT_120A skipped.
Bad node detected: IRAM_DATA_SRAM   DO22
Net IRAM_DATA_DATA_OUT_121A skipped.
Bad node detected: IRAM_DATA_SRAM   DO23
Net IRAM_DATA_DATA_OUT_122A skipped.
Bad node detected: IRAM_DATA_SRAM   DO24
Net IRAM_DATA_DATA_OUT_123A skipped.
Bad node detected: IRAM_DATA_SRAM   DO25
Net IRAM_DATA_DATA_OUT_124A skipped.
Bad node detected: IRAM_DATA_SRAM   DO26
Net IRAM_DATA_DATA_OUT_125A skipped.
Bad node detected: IRAM_DATA_SRAM   DO27
Net IRAM_DATA_DATA_OUT_126A skipped.
Bad node detected: IRAM_DATA_SRAM   DO28
Net IRAM_DATA_DATA_OUT_127A skipped.
Bad node detected: IRAM_DATA_SRAM   DO29
Net IRAM_DATA_DATA_OUT_128A skipped.
Bad node detected: IRAM_DATA_SRAM   DO30
Net IRAM_DATA_DATA_OUT_129A skipped.
Bad node detected: IRAM_DATA_SRAM   DO31
Net IRAM_DATA_DATA_OUT_130A skipped.
Bad node detected: IRAM_VALID_SRAM   DO0
Bad node detected: IRAM_VALID_SRAM   DO1
Bad node detected: IRAM_VALID_SRAM   DO2
Bad node detected: IRAM_VALID_SRAM   DO3
Bad node detected: IRAM_VALID_SRAM   DO4
Bad node detected: IRAM_VALID_SRAM   DO5
Bad node detected: IRAM_VALID_SRAM   DO6
Bad node detected: IRAM_VALID_SRAM   DO7
Bad node detected: IRAM_VALID_SRAM   DO8
Bad node detected: IRAM_VALID_SRAM   DO9
Bad node detected: IRAM_VALID_SRAM   DO10
Bad node detected: IRAM_VALID_SRAM   DO11
Bad node detected: IRAM_VALID_SRAM   DO12
Bad node detected: IRAM_VALID_SRAM   DO13
Bad node detected: IRAM_VALID_SRAM   DO14
Bad node detected: IRAM_VALID_SRAM   DO15
Bad node detected: IRAM_VALID_SRAM   DO16
Bad node detected: IRAM_VALID_SRAM   DO17
Bad node detected: IRAM_VALID_SRAM   DO18
Bad node detected: IRAM_VALID_SRAM   DO19
Bad node detected: IRAM_VALID_SRAM   DO20
Bad node detected: IRAM_VALID_SRAM   DO21
Bad node detected: IRAM_VALID_SRAM   DO22
Bad node detected: IRAM_VALID_SRAM   DO23
Bad node detected: IRAM_VALID_SRAM   DO24
Bad node detected: IRAM_VALID_SRAM   DO25
Bad node detected: IRAM_VALID_SRAM   DO26
Bad node detected: IRAM_VALID_SRAM   DO27
Bad node detected: IRAM_VALID_SRAM   DO28
Bad node detected: IRAM_VALID_SRAM   DO29
Bad node detected: IRAM_VALID_SRAM   DO30
Bad node detected: IRAM_VALID_SRAM   DO31
Bad node detected: IRAM_DATA_SRAM   A0
Net IW_INSTINDEX\[2\] skipped.
Bad node detected: IRAM_DATA_SRAM   A1
Net IW_INSTINDEX[2]_692 skipped.
Bad node detected: IRAM_DATA_SRAM   A2
Net IW_INSTINDEX[2]_693 skipped.
Bad node detected: IRAM_DATA_SRAM   A3
Net IW_INSTINDEX[2]_694 skipped.
Bad node detected: IRAM_DATA_SRAM   A4
Net IW_INSTINDEX[2]_695 skipped.
Bad node detected: IRAM_DATA_SRAM   A5
Net IW_INSTINDEX[2]_696 skipped.
Bad node detected: IRAM_DATA_SRAM   A6
Net IW_INSTINDEX[2]_697 skipped.
Bad node detected: IRAM_DATA_SRAM   A7
Net IW_INSTINDEX[2]_698 skipped.
Bad node detected: IRAM_DATA_SRAM   A8
Net IW_INSTINDEX[2]_699 skipped.
Bad node detected: IRAM_DATA_SRAM   WEB
Bad node detected: IRAM_DATA_SRAM   DI0
Bad node detected: IRAM_DATA_SRAM   DI1
Bad node detected: IRAM_DATA_SRAM   DI2
Bad node detected: IRAM_DATA_SRAM   DI3
Bad node detected: IRAM_DATA_SRAM   DI4
Bad node detected: IRAM_DATA_SRAM   DI5
Bad node detected: IRAM_DATA_SRAM   DI6
Bad node detected: IRAM_DATA_SRAM   DI7
Bad node detected: IRAM_DATA_SRAM   DI8
Bad node detected: IRAM_DATA_SRAM   DI9
Bad node detected: IRAM_DATA_SRAM   DI10
Bad node detected: IRAM_DATA_SRAM   DI11
Bad node detected: IRAM_DATA_SRAM   DI12
Bad node detected: IRAM_DATA_SRAM   DI13
Bad node detected: IRAM_DATA_SRAM   DI14
Bad node detected: IRAM_DATA_SRAM   DI15
Bad node detected: IRAM_DATA_SRAM   DI16
Bad node detected: IRAM_DATA_SRAM   DI17
Bad node detected: IRAM_DATA_SRAM   DI18
Bad node detected: IRAM_DATA_SRAM   DI19
Bad node detected: IRAM_DATA_SRAM   DI20
Bad node detected: IRAM_DATA_SRAM   DI21
Bad node detected: IRAM_DATA_SRAM   DI22
Bad node detected: IRAM_DATA_SRAM   DI23
Bad node detected: IRAM_DATA_SRAM   DI24
Bad node detected: IRAM_DATA_SRAM   DI25
Bad node detected: IRAM_DATA_SRAM   DI26
Bad node detected: IRAM_DATA_SRAM   DI27
Bad node detected: IRAM_DATA_SRAM   DI28
Bad node detected: IRAM_DATA_SRAM   DI29
Bad node detected: IRAM_DATA_SRAM   DI30
Bad node detected: IRAM_DATA_SRAM   DI31
Bad node detected: IRAM_VALID_SRAM   A0
Net IW_VALIDINDEX\[9\] skipped.
Bad node detected: IRAM_VALID_SRAM   A1
Net IW_VALIDINDEX[9]_733 skipped.
Bad node detected: IRAM_VALID_SRAM   WEB
Net IW_VALIDWEN skipped.
Bad node detected: IRAM_VALID_SRAM   DI0
Net IW_VALIDWR skipped.
Bad node detected: IRAM_VALID_SRAM   DI1
Net IW_VALIDWR_701 skipped.
Bad node detected: IRAM_VALID_SRAM   DI2
Net IW_VALIDWR_702 skipped.
Bad node detected: IRAM_VALID_SRAM   DI3
Net IW_VALIDWR_703 skipped.
Bad node detected: IRAM_VALID_SRAM   DI4
Net IW_VALIDWR_704 skipped.
Bad node detected: IRAM_VALID_SRAM   DI5
Net IW_VALIDWR_705 skipped.
Bad node detected: IRAM_VALID_SRAM   DI6
Net IW_VALIDWR_706 skipped.
Bad node detected: IRAM_VALID_SRAM   DI7
Net IW_VALIDWR_707 skipped.
Bad node detected: IRAM_VALID_SRAM   DI8
Net IW_VALIDWR_708 skipped.
Bad node detected: IRAM_VALID_SRAM   DI9
Net IW_VALIDWR_709 skipped.
Bad node detected: IRAM_VALID_SRAM   DI10
Net IW_VALIDWR_710 skipped.
Bad node detected: IRAM_VALID_SRAM   DI11
Net IW_VALIDWR_711 skipped.
Bad node detected: IRAM_VALID_SRAM   DI12
Net IW_VALIDWR_712 skipped.
Bad node detected: IRAM_VALID_SRAM   DI13
Net IW_VALIDWR_713 skipped.
Bad node detected: IRAM_VALID_SRAM   DI14
Net IW_VALIDWR_714 skipped.
Bad node detected: IRAM_VALID_SRAM   DI15
Net IW_VALIDWR_715 skipped.
Bad node detected: IRAM_VALID_SRAM   DI16
Net IW_VALIDWR_716 skipped.
Bad node detected: IRAM_VALID_SRAM   DI17
Net IW_VALIDWR_717 skipped.
Bad node detected: IRAM_VALID_SRAM   DI18
Net IW_VALIDWR_718 skipped.
Bad node detected: IRAM_VALID_SRAM   DI19
Net IW_VALIDWR_719 skipped.
Bad node detected: IRAM_VALID_SRAM   DI20
Net IW_VALIDWR_720 skipped.
Bad node detected: IRAM_VALID_SRAM   DI21
Net IW_VALIDWR_721 skipped.
Bad node detected: IRAM_VALID_SRAM   DI22
Net IW_VALIDWR_722 skipped.
Bad node detected: IRAM_VALID_SRAM   DI23
Net IW_VALIDWR_723 skipped.
Bad node detected: IRAM_VALID_SRAM   DI24
Net IW_VALIDWR_724 skipped.
Bad node detected: IRAM_VALID_SRAM   DI25
Net IW_VALIDWR_725 skipped.
Bad node detected: IRAM_VALID_SRAM   DI26
Net IW_VALIDWR_726 skipped.
Bad node detected: IRAM_VALID_SRAM   DI27
Net IW_VALIDWR_727 skipped.
Bad node detected: IRAM_VALID_SRAM   DI28
Net IW_VALIDWR_728 skipped.
Bad node detected: IRAM_VALID_SRAM   DI29
Net IW_VALIDWR_729 skipped.
Bad node detected: IRAM_VALID_SRAM   DI30
Net IW_VALIDWR_730 skipped.
Bad node detected: IRAM_VALID_SRAM   DI31
Net IW_VALIDWR_731 skipped.
Net lx1_lx0_CORE1_RALU1_DMUX1_REGBIEX_P\[0\] skipped.
Net lx1_lx0_CORE1_RALU1_DMUX1_REGBIEX_P\[1\] skipped.
Net lx1_lx0_CORE1_RALU1_DMUX1_REGBIEX_P\[2\] skipped.
Net lx1_lx0_CORE1_RALU1_DMUX1_REGBIEX_P\[3\] skipped.
Net lx1_lx0_CORE1_RALU1_DMUX1_REGBIEX_P\[4\] skipped.
Net lx1_lx0_CORE1_RALU1_DMUX1_REGBIEX_P\[5\] skipped.
Net lx1_lx0_CORE1_RALU1_DMUX1_REGBIEX_P\[6\] skipped.
Net lx1_lx0_CORE1_RALU1_DMUX1_REGBIEX_P\[7\] skipped.
Net lx1_lx0_CORE1_RALU1_DMUX1_REGBIEX_P\[8\] skipped.
Net lx1_lx0_CORE1_RALU1_DMUX1_REGBIEX_P\[9\] skipped.
Net lx1_lx0_CORE1_RALU1_DMUX1_REGBIEX_P\[10\] skipped.
Net lx1_lx0_CORE1_RALU1_DMUX1_REGBIEX_P\[11\] skipped.
Net lx1_lx0_CORE1_RALU1_DMUX1_REGBIEX_P\[12\] skipped.
Net lx1_lx0_CORE1_RALU1_DMUX1_REGBIEX_P\[13\] skipped.
Net lx1_lx0_CORE1_RALU1_DMUX1_REGBIEX_P\[14\] skipped.
Net lx1_lx0_CORE1_RALU1_DMUX1_REGBIEX_P\[15\] skipped.
Net lx1_lx0_CORE1_RALU1_DMUX1_REGBIEX_P\[16\] skipped.
Net lx1_lx0_CORE1_RALU1_DMUX1_REGBIEX_P\[17\] skipped.
Net lx1_lx0_CORE1_RALU1_DMUX1_REGBIEX_P\[18\] skipped.
Net lx1_lx0_CORE1_RALU1_DMUX1_REGBIEX_P\[19\] skipped.
Net lx1_lx0_CORE1_RALU1_DMUX1_REGBIEX_P\[20\] skipped.
Net lx1_lx0_CORE1_RALU1_DMUX1_REGBIEX_P\[21\] skipped.
Net lx1_lx0_CORE1_RALU1_DMUX1_REGBIEX_P\[22\] skipped.
Net lx1_lx0_CORE1_RALU1_DMUX1_REGBIEX_P\[23\] skipped.
Net lx1_lx0_CORE1_RALU1_DMUX1_REGBIEX_P\[24\] skipped.
Net lx1_lx0_CORE1_RALU1_DMUX1_REGBIEX_P\[25\] skipped.
Net lx1_lx0_CORE1_RALU1_DMUX1_REGBIEX_P\[26\] skipped.
Net lx1_lx0_CORE1_RALU1_DMUX1_REGBIEX_P\[27\] skipped.
Net lx1_lx0_CORE1_RALU1_DMUX1_REGBIEX_P\[28\] skipped.
Net lx1_lx0_CORE1_RALU1_DMUX1_REGBIEX_P\[29\] skipped.
Net lx1_lx0_CORE1_RALU1_DMUX1_REGBIEX_P\[30\] skipped.
Net lx1_lx0_CORE1_RALU1_DMUX1_REGBIEX_P\[31\] skipped.
Net lx1_lx0_CORE1_RALU1_DMUX1_REGBREX_P\[0\] skipped.
Net lx1_lx0_CORE1_RALU1_DMUX1_REGBREX_P\[1\] skipped.
Net lx1_lx0_CORE1_RALU1_DMUX1_REGBREX_P\[2\] skipped.
Net lx1_lx0_CORE1_RALU1_DMUX1_REGBREX_P\[3\] skipped.
Net lx1_lx0_CORE1_RALU1_DMUX1_REGBREX_P\[4\] skipped.
Net lx1_lx0_CORE1_RALU1_DMUX1_REGBREX_P\[5\] skipped.
Net lx1_lx0_CORE1_RALU1_DMUX1_REGBREX_P\[6\] skipped.
Net lx1_lx0_CORE1_RALU1_DMUX1_REGBREX_P\[7\] skipped.
Net lx1_lx0_CORE1_RALU1_DMUX1_REGBREX_P\[8\] skipped.
Net lx1_lx0_CORE1_RALU1_DMUX1_REGBREX_P\[9\] skipped.
Net lx1_lx0_CORE1_RALU1_DMUX1_REGBREX_P\[10\] skipped.
Net lx1_lx0_CORE1_RALU1_DMUX1_REGBREX_P\[11\] skipped.
Net lx1_lx0_CORE1_RALU1_DMUX1_REGBREX_P\[12\] skipped.
Net lx1_lx0_CORE1_RALU1_DMUX1_REGBREX_P\[13\] skipped.
Net lx1_lx0_CORE1_RALU1_DMUX1_REGBREX_P\[14\] skipped.
Net lx1_lx0_CORE1_RALU1_DMUX1_REGBREX_P\[15\] skipped.
Net lx1_lx0_CORE1_RALU1_DMUX1_REGBREX_P\[16\] skipped.
Net lx1_lx0_CORE1_RALU1_DMUX1_REGBREX_P\[17\] skipped.
Net lx1_lx0_CORE1_RALU1_DMUX1_REGBREX_P\[18\] skipped.
Net lx1_lx0_CORE1_RALU1_DMUX1_REGBREX_P\[19\] skipped.
Net lx1_lx0_CORE1_RALU1_DMUX1_REGBREX_P\[20\] skipped.
Net lx1_lx0_CORE1_RALU1_DMUX1_REGBREX_P\[21\] skipped.
Net lx1_lx0_CORE1_RALU1_DMUX1_REGBREX_P\[22\] skipped.
Net lx1_lx0_CORE1_RALU1_DMUX1_REGBREX_P\[23\] skipped.
Net lx1_lx0_CORE1_RALU1_DMUX1_REGBREX_P\[24\] skipped.
Net lx1_lx0_CORE1_RALU1_DMUX1_REGBREX_P\[25\] skipped.
Net lx1_lx0_CORE1_RALU1_DMUX1_REGBREX_P\[26\] skipped.
Net lx1_lx0_CORE1_RALU1_DMUX1_REGBREX_P\[27\] skipped.
Net lx1_lx0_CORE1_RALU1_DMUX1_REGBREX_P\[28\] skipped.
Net lx1_lx0_CORE1_RALU1_DMUX1_REGBREX_P\[29\] skipped.
Net lx1_lx0_CORE1_RALU1_DMUX1_REGBREX_P\[30\] skipped.
Net lx1_lx0_CORE1_RALU1_DMUX1_REGBREX_P\[31\] skipped.
Net lx1_lx0_CORE1_RALU1_DMUX1_REGCWB_P\[0\] skipped.
Net lx1_lx0_CORE1_RALU1_DMUX1_REGCWB_P\[1\] skipped.
Net lx1_lx0_CORE1_RALU1_DMUX1_REGCWB_P\[2\] skipped.
Net lx1_lx0_CORE1_RALU1_DMUX1_REGCWB_P\[3\] skipped.
Net lx1_lx0_CORE1_RALU1_DMUX1_REGCWB_P\[4\] skipped.
Net lx1_lx0_CORE1_RALU1_DMUX1_REGCWB_P\[5\] skipped.
Net lx1_lx0_CORE1_RALU1_DMUX1_REGCWB_P\[6\] skipped.
Net lx1_lx0_CORE1_RALU1_DMUX1_REGCWB_P\[7\] skipped.
Net lx1_lx0_CORE1_RALU1_DMUX1_REGCWB_P\[8\] skipped.
Net lx1_lx0_CORE1_RALU1_DMUX1_REGCWB_P\[9\] skipped.
Net lx1_lx0_CORE1_RALU1_DMUX1_REGCWB_P\[10\] skipped.
Net lx1_lx0_CORE1_RALU1_DMUX1_REGCWB_P\[11\] skipped.
Net lx1_lx0_CORE1_RALU1_DMUX1_REGCWB_P\[12\] skipped.
Net lx1_lx0_CORE1_RALU1_DMUX1_REGCWB_P\[13\] skipped.
Net lx1_lx0_CORE1_RALU1_DMUX1_REGCWB_P\[14\] skipped.
Net lx1_lx0_CORE1_RALU1_DMUX1_REGCWB_P\[15\] skipped.
Net lx1_lx0_CORE1_RALU1_DMUX1_REGCWB_P\[16\] skipped.
Net lx1_lx0_CORE1_RALU1_DMUX1_REGCWB_P\[17\] skipped.
Net lx1_lx0_CORE1_RALU1_DMUX1_REGCWB_P\[18\] skipped.
Net lx1_lx0_CORE1_RALU1_DMUX1_REGCWB_P\[19\] skipped.
Net lx1_lx0_CORE1_RALU1_DMUX1_REGCWB_P\[20\] skipped.
Net lx1_lx0_CORE1_RALU1_DMUX1_REGCWB_P\[21\] skipped.
Net lx1_lx0_CORE1_RALU1_DMUX1_REGCWB_P\[22\] skipped.
Net lx1_lx0_CORE1_RALU1_DMUX1_REGCWB_P\[23\] skipped.
Net lx1_lx0_CORE1_RALU1_DMUX1_REGCWB_P\[24\] skipped.
Net lx1_lx0_CORE1_RALU1_DMUX1_REGCWB_P\[25\] skipped.
Net lx1_lx0_CORE1_RALU1_DMUX1_REGCWB_P\[26\] skipped.
Net lx1_lx0_CORE1_RALU1_DMUX1_REGCWB_P\[27\] skipped.
Net lx1_lx0_CORE1_RALU1_DMUX1_REGCWB_P\[28\] skipped.
Net lx1_lx0_CORE1_RALU1_DMUX1_REGCWB_P\[29\] skipped.
Net lx1_lx0_CORE1_RALU1_DMUX1_REGCWB_P\[30\] skipped.
Net lx1_lx0_CORE1_RALU1_DMUX1_REGCWB_P\[31\] skipped.
Net lx1_lx0_CORE1_RALU1_INST_S_R_578 skipped.
Bad node detected: DCACHE_DATA_SRAM   WEB
Bad node detected: DRAM_DATA_SRAM   WEB
Bad node detected: IRAM_VALID_SRAM   A2
Bad node detected: IRAM_VALID_SRAM   CSB
Bad node detected: IRAM_DATA_SRAM   CSB
Bad node detected: ICACHE_TAG0_SRAM   CSB
Bad node detected: ICACHE_INST0_SRAM   CSB
Bad node detected: DRAM_DATA_SRAM   CSB
Bad node detected: DCACHE_TAG_SRAM   CSB
Bad node detected: DCACHE_DATA_SRAM   CSB
Net tie0 skipped.
Files parsed successfully.
Net 2    SYSCLK SKIPPED with 6684 pins.
Net 60016    tie1 SKIPPED with 1267 pins.
